INFO  20-08-07 17:25:49[main] [WebApplication:55] - Starting WebApplication on DESKTOP-CA5EFVH with PID 158536 (C:\Users\jacob\Desktop\privateInformation\WEB 주요기능완성\target\classes started by han1g in C:\Users\jacob\Desktop\privateInformation\WEB 주요기능완성)
DEBUG 20-08-07 17:25:49[main] [WebApplication:56] - Running with Spring Boot v2.3.1.RELEASE, Spring v5.2.7.RELEASE
INFO  20-08-07 17:25:49[main] [WebApplication:655] - The following profiles are active: local
INFO  20-08-07 17:25:50[main] [RepositoryConfigurationDelegate:127] - Bootstrapping Spring Data JPA repositories in DEFERRED mode.
INFO  20-08-07 17:25:50[main] [RepositoryConfigurationDelegate:187] - Finished Spring Data repository scanning in 26ms. Found 0 JPA repository interfaces.
DEBUG 20-08-07 17:25:50[main] [LogFactory:105] - Logging initialized using 'class org.apache.ibatis.logging.slf4j.Slf4jImpl' adapter.
INFO  20-08-07 17:25:50[main] [PostProcessorRegistrationDelegate$BeanPostProcessorChecker:335] - Bean 'org.springframework.ws.config.annotation.DelegatingWsConfiguration' of type [org.springframework.ws.config.annotation.DelegatingWsConfiguration$$EnhancerBySpringCGLIB$$2191f604] is not eligible for getting processed by all BeanPostProcessors (for example: not eligible for auto-proxying)
INFO  20-08-07 17:25:50[main] [AnnotationActionEndpointMapping:236] - Supporting [WS-Addressing August 2004, WS-Addressing 1.0]
INFO  20-08-07 17:25:52[main] [TomcatWebServer:108] - Tomcat initialized with port(s): 80 (https)
INFO  20-08-07 17:25:52[main] [Http11NioProtocol:173] - Initializing ProtocolHandler ["https-jsse-nio-80"]
INFO  20-08-07 17:25:52[main] [StandardService:173] - Starting service [Tomcat]
INFO  20-08-07 17:25:52[main] [StandardEngine:173] - Starting Servlet engine: [Apache Tomcat/9.0.36]
INFO  20-08-07 17:25:52[main] [TldScanner:173] - At least one JAR was scanned for TLDs yet contained no TLDs. Enable debug logging for this logger for a complete list of JARs that were scanned but no TLDs were found in them. Skipping unneeded JARs during scanning can improve startup time and JSP compilation time.
INFO  20-08-07 17:25:52[main] [[/]:173] - Initializing Spring embedded WebApplicationContext
INFO  20-08-07 17:25:52[main] [ServletWebServerApplicationContext:285] - Root WebApplicationContext: initialization completed in 3432 ms
INFO  20-08-07 17:25:53[main] [ThreadPoolTaskExecutor:181] - Initializing ExecutorService 'applicationTaskExecutor'
INFO  20-08-07 17:25:53[main] [HikariDataSource:110] - HikariPool-1 - Starting...
INFO  20-08-07 17:25:53[main] [HikariDataSource:123] - HikariPool-1 - Start completed.
INFO  20-08-07 17:25:53[task-1] [LogHelper:31] - HHH000204: Processing PersistenceUnitInfo [name: default]
INFO  20-08-07 17:25:53[task-1] [Version:44] - HHH000412: Hibernate ORM core version 5.4.17.Final
INFO  20-08-07 17:25:53[task-1] [Version:49] - HCANN000001: Hibernate Commons Annotations {5.1.0.Final}
WARN  20-08-07 17:25:53[main] [JpaBaseConfiguration$JpaWebConfiguration:220] - spring.jpa.open-in-view is enabled by default. Therefore, database queries may be performed during view rendering. Explicitly configure spring.jpa.open-in-view to disable this warning
INFO  20-08-07 17:25:53[task-1] [Dialect:172] - HHH000400: Using dialect: org.hibernate.dialect.MySQL55Dialect
INFO  20-08-07 17:25:54[task-1] [JtaPlatformInitiator:52] - HHH000490: Using JtaPlatform implementation: [org.hibernate.engine.transaction.jta.platform.internal.NoJtaPlatform]
INFO  20-08-07 17:25:54[task-1] [LocalContainerEntityManagerFactoryBean:416] - Initialized JPA EntityManagerFactory for persistence unit 'default'
INFO  20-08-07 17:25:54[main] [Http11NioProtocol:173] - Starting ProtocolHandler ["https-jsse-nio-80"]
INFO  20-08-07 17:25:55[main] [TomcatWebServer:220] - Tomcat started on port(s): 80 (https) with context path ''
INFO  20-08-07 17:25:55[main] [DeferredRepositoryInitializationListener:49] - Triggering deferred initialization of Spring Data repositories…
INFO  20-08-07 17:25:55[main] [DeferredRepositoryInitializationListener:53] - Spring Data repositories initialized!
INFO  20-08-07 17:25:55[main] [WebApplication:61] - Started WebApplication in 7.067 seconds (JVM running for 7.727)
INFO  20-08-07 17:26:02[https-jsse-nio-80-exec-6] [[/]:173] - Initializing Spring DispatcherServlet 'dispatcherServlet'
INFO  20-08-07 17:26:02[https-jsse-nio-80-exec-6] [DispatcherServlet:525] - Initializing Servlet 'dispatcherServlet'
INFO  20-08-07 17:26:02[https-jsse-nio-80-exec-6] [DispatcherServlet:547] - Completed initialization in 10 ms
DEBUG 20-08-07 17:38:06[https-jsse-nio-80-exec-2] [WasController:57] - contentType : application/json
DEBUG 20-08-07 17:38:06[https-jsse-nio-80-exec-2] [WasController:58] - Device-Id : dc5d1020ae6270b6
DEBUG 20-08-07 17:38:06[https-jsse-nio-80-exec-2] [WasController:59] - Server-Cert-Id : SMQE1K7rD5xkg9FZpUmS8ihVJb5SIJAgxHCx5pE5SBEfr+OryHFdcEk6DOEstFX8zsRbqdSqVyrIU43zOM856S+V46f80k0ZPyRKgdva2nmGPvTqwPiN1JW70HkcPVDhsDC/cPMTuerfiYJq2l56vGOiDdJ8nJ+2nmBmTZBAgto2npy5hHtV58JS6ZckN+7jYGcVkpq+BUqGQ7cDFBBdQQSF4TIQDFEMQeM+op/wPBAiKENR0BjAxIYBIkU8I7ch/JXfbEDiLdQ/hBjIbD26o+SiDmk/zuT3jccEbXSw0O0kOyuj0liDJ6xn1IJz/xIQPIEX0omnJQMEjrmxx4+5Rg==
DEBUG 20-08-07 17:38:06[https-jsse-nio-80-exec-2] [WasController:60] - username : 123
DEBUG 20-08-07 17:38:06[https-jsse-nio-80-exec-2] [getUser:137] - ==>  Preparing: SELECT CO_USERNAME, CO_ANDROID_ID FROM TB_DEVICE WHERE CO_USERNAME = ? AND CO_ANDROID_ID = ?
DEBUG 20-08-07 17:38:06[https-jsse-nio-80-exec-2] [getUser:137] - ==> Parameters: 123(String), dc5d1020ae6270b6(String)
DEBUG 20-08-07 17:38:06[https-jsse-nio-80-exec-2] [getUser:137] - <==      Total: 1
DEBUG 20-08-07 17:38:06[https-jsse-nio-80-exec-2] [certList:137] - ==>  Preparing: SELECT * FROM TB_CERTIFICATION
DEBUG 20-08-07 17:38:06[https-jsse-nio-80-exec-2] [certList:137] - ==> Parameters: 
DEBUG 20-08-07 17:38:06[https-jsse-nio-80-exec-2] [certList:137] - <==      Total: 2
DEBUG 20-08-07 17:38:39[https-jsse-nio-80-exec-7] [WasController:57] - contentType : application/json
DEBUG 20-08-07 17:38:39[https-jsse-nio-80-exec-7] [WasController:58] - Device-Id : dc5d1020ae6270b6
DEBUG 20-08-07 17:38:39[https-jsse-nio-80-exec-7] [WasController:59] - Server-Cert-Id : SMQE1K7rD5xkg9FZpUmS8ihVJb5SIJAgxHCx5pE5SBEfr+OryHFdcEk6DOEstFX8zsRbqdSqVyrIU43zOM856S+V46f80k0ZPyRKgdva2nmGPvTqwPiN1JW70HkcPVDhsDC/cPMTuerfiYJq2l56vGOiDdJ8nJ+2nmBmTZBAgto2npy5hHtV58JS6ZckN+7jYGcVkpq+BUqGQ7cDFBBdQQSF4TIQDFEMQeM+op/wPBAiKENR0BjAxIYBIkU8I7ch/JXfbEDiLdQ/hBjIbD26o+SiDmk/zuT3jccEbXSw0O0kOyuj0liDJ6xn1IJz/xIQPIEX0omnJQMEjrmxx4+5Rg==
DEBUG 20-08-07 17:38:39[https-jsse-nio-80-exec-7] [WasController:60] - username : 123
DEBUG 20-08-07 17:38:39[https-jsse-nio-80-exec-7] [getUser:137] - ==>  Preparing: SELECT CO_USERNAME, CO_ANDROID_ID FROM TB_DEVICE WHERE CO_USERNAME = ? AND CO_ANDROID_ID = ?
DEBUG 20-08-07 17:38:39[https-jsse-nio-80-exec-7] [getUser:137] - ==> Parameters: 123(String), dc5d1020ae6270b6(String)
DEBUG 20-08-07 17:38:39[https-jsse-nio-80-exec-7] [getUser:137] - <==      Total: 1
DEBUG 20-08-07 17:38:39[https-jsse-nio-80-exec-7] [certList:137] - ==>  Preparing: SELECT * FROM TB_CERTIFICATION
DEBUG 20-08-07 17:38:39[https-jsse-nio-80-exec-7] [certList:137] - ==> Parameters: 
DEBUG 20-08-07 17:38:39[https-jsse-nio-80-exec-7] [certList:137] - <==      Total: 2
DEBUG 20-08-07 17:45:23[https-jsse-nio-80-exec-4] [WasController:57] - contentType : application/json
DEBUG 20-08-07 17:45:23[https-jsse-nio-80-exec-4] [WasController:58] - Device-Id : dc5d1020ae6270b6
DEBUG 20-08-07 17:45:23[https-jsse-nio-80-exec-4] [WasController:59] - Server-Cert-Id : SMQE1K7rD5xkg9FZpUmS8ihVJb5SIJAgxHCx5pE5SBEfr+OryHFdcEk6DOEstFX8zsRbqdSqVyrIU43zOM856S+V46f80k0ZPyRKgdva2nmGPvTqwPiN1JW70HkcPVDhsDC/cPMTuerfiYJq2l56vGOiDdJ8nJ+2nmBmTZBAgto2npy5hHtV58JS6ZckN+7jYGcVkpq+BUqGQ7cDFBBdQQSF4TIQDFEMQeM+op/wPBAiKENR0BjAxIYBIkU8I7ch/JXfbEDiLdQ/hBjIbD26o+SiDmk/zuT3jccEbXSw0O0kOyuj0liDJ6xn1IJz/xIQPIEX0omnJQMEjrmxx4+5Rg==
DEBUG 20-08-07 17:45:23[https-jsse-nio-80-exec-4] [WasController:60] - username : 123
DEBUG 20-08-07 17:45:23[https-jsse-nio-80-exec-4] [getUser:137] - ==>  Preparing: SELECT CO_USERNAME, CO_ANDROID_ID FROM TB_DEVICE WHERE CO_USERNAME = ? AND CO_ANDROID_ID = ?
DEBUG 20-08-07 17:45:23[https-jsse-nio-80-exec-4] [getUser:137] - ==> Parameters: 123(String), dc5d1020ae6270b6(String)
DEBUG 20-08-07 17:45:23[https-jsse-nio-80-exec-4] [getUser:137] - <==      Total: 1
DEBUG 20-08-07 17:45:23[https-jsse-nio-80-exec-4] [certList:137] - ==>  Preparing: SELECT * FROM TB_CERTIFICATION
DEBUG 20-08-07 17:45:23[https-jsse-nio-80-exec-4] [certList:137] - ==> Parameters: 
DEBUG 20-08-07 17:45:23[https-jsse-nio-80-exec-4] [certList:137] - <==      Total: 2
DEBUG 20-08-07 17:47:40[https-jsse-nio-80-exec-10] [WasController:57] - contentType : application/json
DEBUG 20-08-07 17:47:40[https-jsse-nio-80-exec-10] [WasController:58] - Device-Id : dc5d1020ae6270b6
DEBUG 20-08-07 17:47:40[https-jsse-nio-80-exec-10] [WasController:59] - Server-Cert-Id : SMQE1K7rD5xkg9FZpUmS8ihVJb5SIJAgxHCx5pE5SBEfr+OryHFdcEk6DOEstFX8zsRbqdSqVyrIU43zOM856S+V46f80k0ZPyRKgdva2nmGPvTqwPiN1JW70HkcPVDhsDC/cPMTuerfiYJq2l56vGOiDdJ8nJ+2nmBmTZBAgto2npy5hHtV58JS6ZckN+7jYGcVkpq+BUqGQ7cDFBBdQQSF4TIQDFEMQeM+op/wPBAiKENR0BjAxIYBIkU8I7ch/JXfbEDiLdQ/hBjIbD26o+SiDmk/zuT3jccEbXSw0O0kOyuj0liDJ6xn1IJz/xIQPIEX0omnJQMEjrmxx4+5Rg==
DEBUG 20-08-07 17:47:40[https-jsse-nio-80-exec-10] [WasController:60] - username : 123
DEBUG 20-08-07 17:47:40[https-jsse-nio-80-exec-10] [getUser:137] - ==>  Preparing: SELECT CO_USERNAME, CO_ANDROID_ID FROM TB_DEVICE WHERE CO_USERNAME = ? AND CO_ANDROID_ID = ?
DEBUG 20-08-07 17:47:40[https-jsse-nio-80-exec-10] [getUser:137] - ==> Parameters: 123(String), dc5d1020ae6270b6(String)
DEBUG 20-08-07 17:47:40[https-jsse-nio-80-exec-10] [getUser:137] - <==      Total: 1
DEBUG 20-08-07 17:47:40[https-jsse-nio-80-exec-10] [certList:137] - ==>  Preparing: SELECT * FROM TB_CERTIFICATION
DEBUG 20-08-07 17:47:40[https-jsse-nio-80-exec-10] [certList:137] - ==> Parameters: 
DEBUG 20-08-07 17:47:40[https-jsse-nio-80-exec-10] [certList:137] - <==      Total: 2
DEBUG 20-08-07 17:48:07[https-jsse-nio-80-exec-10] [WasController:57] - contentType : application/json
DEBUG 20-08-07 17:48:07[https-jsse-nio-80-exec-10] [WasController:58] - Device-Id : dc5d1020ae6270b6
DEBUG 20-08-07 17:48:07[https-jsse-nio-80-exec-10] [WasController:59] - Server-Cert-Id : SMQE1K7rD5xkg9FZpUmS8ihVJb5SIJAgxHCx5pE5SBEfr+OryHFdcEk6DOEstFX8zsRbqdSqVyrIU43zOM856S+V46f80k0ZPyRKgdva2nmGPvTqwPiN1JW70HkcPVDhsDC/cPMTuerfiYJq2l56vGOiDdJ8nJ+2nmBmTZBAgto2npy5hHtV58JS6ZckN+7jYGcVkpq+BUqGQ7cDFBBdQQSF4TIQDFEMQeM+op/wPBAiKENR0BjAxIYBIkU8I7ch/JXfbEDiLdQ/hBjIbD26o+SiDmk/zuT3jccEbXSw0O0kOyuj0liDJ6xn1IJz/xIQPIEX0omnJQMEjrmxx4+5Rg==
DEBUG 20-08-07 17:48:07[https-jsse-nio-80-exec-10] [WasController:60] - username : 123
DEBUG 20-08-07 17:48:07[https-jsse-nio-80-exec-10] [getUser:137] - ==>  Preparing: SELECT CO_USERNAME, CO_ANDROID_ID FROM TB_DEVICE WHERE CO_USERNAME = ? AND CO_ANDROID_ID = ?
DEBUG 20-08-07 17:48:07[https-jsse-nio-80-exec-10] [getUser:137] - ==> Parameters: 123(String), dc5d1020ae6270b6(String)
DEBUG 20-08-07 17:48:07[https-jsse-nio-80-exec-10] [getUser:137] - <==      Total: 1
DEBUG 20-08-07 17:48:07[https-jsse-nio-80-exec-10] [certList:137] - ==>  Preparing: SELECT * FROM TB_CERTIFICATION
DEBUG 20-08-07 17:48:07[https-jsse-nio-80-exec-10] [certList:137] - ==> Parameters: 
DEBUG 20-08-07 17:48:07[https-jsse-nio-80-exec-10] [certList:137] - <==      Total: 2
DEBUG 20-08-07 17:51:29[https-jsse-nio-80-exec-6] [WasController:57] - contentType : application/json
DEBUG 20-08-07 17:51:29[https-jsse-nio-80-exec-6] [WasController:58] - Device-Id : dc5d1020ae6270b6
DEBUG 20-08-07 17:51:29[https-jsse-nio-80-exec-6] [WasController:59] - Server-Cert-Id : SMQE1K7rD5xkg9FZpUmS8ihVJb5SIJAgxHCx5pE5SBEfr+OryHFdcEk6DOEstFX8zsRbqdSqVyrIU43zOM856S+V46f80k0ZPyRKgdva2nmGPvTqwPiN1JW70HkcPVDhsDC/cPMTuerfiYJq2l56vGOiDdJ8nJ+2nmBmTZBAgto2npy5hHtV58JS6ZckN+7jYGcVkpq+BUqGQ7cDFBBdQQSF4TIQDFEMQeM+op/wPBAiKENR0BjAxIYBIkU8I7ch/JXfbEDiLdQ/hBjIbD26o+SiDmk/zuT3jccEbXSw0O0kOyuj0liDJ6xn1IJz/xIQPIEX0omnJQMEjrmxx4+5Rg==
DEBUG 20-08-07 17:51:29[https-jsse-nio-80-exec-6] [WasController:60] - username : 123
DEBUG 20-08-07 17:51:29[https-jsse-nio-80-exec-6] [getUser:137] - ==>  Preparing: SELECT CO_USERNAME, CO_ANDROID_ID FROM TB_DEVICE WHERE CO_USERNAME = ? AND CO_ANDROID_ID = ?
DEBUG 20-08-07 17:51:29[https-jsse-nio-80-exec-6] [getUser:137] - ==> Parameters: 123(String), dc5d1020ae6270b6(String)
DEBUG 20-08-07 17:51:29[https-jsse-nio-80-exec-6] [getUser:137] - <==      Total: 1
DEBUG 20-08-07 17:51:29[https-jsse-nio-80-exec-6] [certList:137] - ==>  Preparing: SELECT * FROM TB_CERTIFICATION
DEBUG 20-08-07 17:51:29[https-jsse-nio-80-exec-6] [certList:137] - ==> Parameters: 
DEBUG 20-08-07 17:51:29[https-jsse-nio-80-exec-6] [certList:137] - <==      Total: 2
DEBUG 20-08-07 17:56:39[https-jsse-nio-80-exec-7] [WasController:57] - contentType : application/json
DEBUG 20-08-07 17:56:39[https-jsse-nio-80-exec-7] [WasController:58] - Device-Id : dc5d1020ae6270b6
DEBUG 20-08-07 17:56:39[https-jsse-nio-80-exec-7] [WasController:59] - Server-Cert-Id : SMQE1K7rD5xkg9FZpUmS8ihVJb5SIJAgxHCx5pE5SBEfr+OryHFdcEk6DOEstFX8zsRbqdSqVyrIU43zOM856S+V46f80k0ZPyRKgdva2nmGPvTqwPiN1JW70HkcPVDhsDC/cPMTuerfiYJq2l56vGOiDdJ8nJ+2nmBmTZBAgto2npy5hHtV58JS6ZckN+7jYGcVkpq+BUqGQ7cDFBBdQQSF4TIQDFEMQeM+op/wPBAiKENR0BjAxIYBIkU8I7ch/JXfbEDiLdQ/hBjIbD26o+SiDmk/zuT3jccEbXSw0O0kOyuj0liDJ6xn1IJz/xIQPIEX0omnJQMEjrmxx4+5Rg==
DEBUG 20-08-07 17:56:39[https-jsse-nio-80-exec-7] [WasController:60] - username : 123
DEBUG 20-08-07 17:56:39[https-jsse-nio-80-exec-7] [getUser:137] - ==>  Preparing: SELECT CO_USERNAME, CO_ANDROID_ID FROM TB_DEVICE WHERE CO_USERNAME = ? AND CO_ANDROID_ID = ?
DEBUG 20-08-07 17:56:39[https-jsse-nio-80-exec-7] [getUser:137] - ==> Parameters: 123(String), dc5d1020ae6270b6(String)
DEBUG 20-08-07 17:56:39[https-jsse-nio-80-exec-7] [getUser:137] - <==      Total: 1
DEBUG 20-08-07 17:56:39[https-jsse-nio-80-exec-7] [certList:137] - ==>  Preparing: SELECT * FROM TB_CERTIFICATION
DEBUG 20-08-07 17:56:39[https-jsse-nio-80-exec-7] [certList:137] - ==> Parameters: 
DEBUG 20-08-07 17:56:39[https-jsse-nio-80-exec-7] [certList:137] - <==      Total: 2
DEBUG 20-08-07 17:58:43[https-jsse-nio-80-exec-4] [WasController:57] - contentType : application/json
DEBUG 20-08-07 17:58:43[https-jsse-nio-80-exec-4] [WasController:58] - Device-Id : dc5d1020ae6270b6
DEBUG 20-08-07 17:58:43[https-jsse-nio-80-exec-4] [WasController:59] - Server-Cert-Id : SMQE1K7rD5xkg9FZpUmS8ihVJb5SIJAgxHCx5pE5SBEfr+OryHFdcEk6DOEstFX8zsRbqdSqVyrIU43zOM856S+V46f80k0ZPyRKgdva2nmGPvTqwPiN1JW70HkcPVDhsDC/cPMTuerfiYJq2l56vGOiDdJ8nJ+2nmBmTZBAgto2npy5hHtV58JS6ZckN+7jYGcVkpq+BUqGQ7cDFBBdQQSF4TIQDFEMQeM+op/wPBAiKENR0BjAxIYBIkU8I7ch/JXfbEDiLdQ/hBjIbD26o+SiDmk/zuT3jccEbXSw0O0kOyuj0liDJ6xn1IJz/xIQPIEX0omnJQMEjrmxx4+5Rg==
DEBUG 20-08-07 17:58:43[https-jsse-nio-80-exec-4] [WasController:60] - username : 123
DEBUG 20-08-07 17:58:43[https-jsse-nio-80-exec-4] [getUser:137] - ==>  Preparing: SELECT CO_USERNAME, CO_ANDROID_ID FROM TB_DEVICE WHERE CO_USERNAME = ? AND CO_ANDROID_ID = ?
DEBUG 20-08-07 17:58:43[https-jsse-nio-80-exec-4] [getUser:137] - ==> Parameters: 123(String), dc5d1020ae6270b6(String)
DEBUG 20-08-07 17:58:43[https-jsse-nio-80-exec-4] [getUser:137] - <==      Total: 1
DEBUG 20-08-07 17:58:43[https-jsse-nio-80-exec-4] [certList:137] - ==>  Preparing: SELECT * FROM TB_CERTIFICATION
DEBUG 20-08-07 17:58:43[https-jsse-nio-80-exec-4] [certList:137] - ==> Parameters: 
DEBUG 20-08-07 17:58:43[https-jsse-nio-80-exec-4] [certList:137] - <==      Total: 2
DEBUG 20-08-07 18:00:36[https-jsse-nio-80-exec-6] [WasController:57] - contentType : application/json
DEBUG 20-08-07 18:00:36[https-jsse-nio-80-exec-6] [WasController:58] - Device-Id : dc5d1020ae6270b6
DEBUG 20-08-07 18:00:36[https-jsse-nio-80-exec-6] [WasController:59] - Server-Cert-Id : SMQE1K7rD5xkg9FZpUmS8ihVJb5SIJAgxHCx5pE5SBEfr+OryHFdcEk6DOEstFX8zsRbqdSqVyrIU43zOM856S+V46f80k0ZPyRKgdva2nmGPvTqwPiN1JW70HkcPVDhsDC/cPMTuerfiYJq2l56vGOiDdJ8nJ+2nmBmTZBAgto2npy5hHtV58JS6ZckN+7jYGcVkpq+BUqGQ7cDFBBdQQSF4TIQDFEMQeM+op/wPBAiKENR0BjAxIYBIkU8I7ch/JXfbEDiLdQ/hBjIbD26o+SiDmk/zuT3jccEbXSw0O0kOyuj0liDJ6xn1IJz/xIQPIEX0omnJQMEjrmxx4+5Rg==
DEBUG 20-08-07 18:00:36[https-jsse-nio-80-exec-6] [WasController:60] - username : 123
DEBUG 20-08-07 18:00:36[https-jsse-nio-80-exec-6] [getUser:137] - ==>  Preparing: SELECT CO_USERNAME, CO_ANDROID_ID FROM TB_DEVICE WHERE CO_USERNAME = ? AND CO_ANDROID_ID = ?
DEBUG 20-08-07 18:00:36[https-jsse-nio-80-exec-6] [getUser:137] - ==> Parameters: 123(String), dc5d1020ae6270b6(String)
DEBUG 20-08-07 18:00:36[https-jsse-nio-80-exec-6] [getUser:137] - <==      Total: 1
DEBUG 20-08-07 18:00:36[https-jsse-nio-80-exec-6] [certList:137] - ==>  Preparing: SELECT * FROM TB_CERTIFICATION
DEBUG 20-08-07 18:00:36[https-jsse-nio-80-exec-6] [certList:137] - ==> Parameters: 
DEBUG 20-08-07 18:00:36[https-jsse-nio-80-exec-6] [certList:137] - <==      Total: 2
