INFO  20-07-27 13:41:41[main] [WebApplication:55] - Starting WebApplication on DESKTOP-CA5EFVH with PID 14220 (C:\Users\jacob\Desktop\privateinformation\WEB 주요기능완성\target\classes started by han1g in C:\Users\jacob\Desktop\privateinformation\WEB 주요기능완성)
DEBUG 20-07-27 13:41:42[main] [WebApplication:56] - Running with Spring Boot v2.3.1.RELEASE, Spring v5.2.7.RELEASE
INFO  20-07-27 13:41:42[main] [WebApplication:655] - The following profiles are active: local
INFO  20-07-27 13:41:42[main] [RepositoryConfigurationDelegate:127] - Bootstrapping Spring Data JPA repositories in DEFERRED mode.
INFO  20-07-27 13:41:42[main] [RepositoryConfigurationDelegate:187] - Finished Spring Data repository scanning in 19ms. Found 0 JPA repository interfaces.
DEBUG 20-07-27 13:41:42[main] [LogFactory:105] - Logging initialized using 'class org.apache.ibatis.logging.slf4j.Slf4jImpl' adapter.
INFO  20-07-27 13:41:43[main] [PostProcessorRegistrationDelegate$BeanPostProcessorChecker:335] - Bean 'org.springframework.ws.config.annotation.DelegatingWsConfiguration' of type [org.springframework.ws.config.annotation.DelegatingWsConfiguration$$EnhancerBySpringCGLIB$$adcc36c] is not eligible for getting processed by all BeanPostProcessors (for example: not eligible for auto-proxying)
INFO  20-07-27 13:41:43[main] [AnnotationActionEndpointMapping:236] - Supporting [WS-Addressing August 2004, WS-Addressing 1.0]
INFO  20-07-27 13:41:44[main] [TomcatWebServer:108] - Tomcat initialized with port(s): 8080 (http)
INFO  20-07-27 13:41:44[main] [Http11NioProtocol:173] - Initializing ProtocolHandler ["http-nio-8080"]
INFO  20-07-27 13:41:44[main] [StandardService:173] - Starting service [Tomcat]
INFO  20-07-27 13:41:44[main] [StandardEngine:173] - Starting Servlet engine: [Apache Tomcat/9.0.36]
INFO  20-07-27 13:41:44[main] [TldScanner:173] - At least one JAR was scanned for TLDs yet contained no TLDs. Enable debug logging for this logger for a complete list of JARs that were scanned but no TLDs were found in them. Skipping unneeded JARs during scanning can improve startup time and JSP compilation time.
INFO  20-07-27 13:41:44[main] [[/]:173] - Initializing Spring embedded WebApplicationContext
INFO  20-07-27 13:41:44[main] [ServletWebServerApplicationContext:285] - Root WebApplicationContext: initialization completed in 2612 ms
INFO  20-07-27 13:41:44[main] [ThreadPoolTaskExecutor:181] - Initializing ExecutorService 'applicationTaskExecutor'
INFO  20-07-27 13:41:44[main] [HikariDataSource:110] - HikariPool-1 - Starting...
INFO  20-07-27 13:41:45[main] [HikariDataSource:123] - HikariPool-1 - Start completed.
INFO  20-07-27 13:41:45[task-1] [LogHelper:31] - HHH000204: Processing PersistenceUnitInfo [name: default]
INFO  20-07-27 13:41:45[task-1] [Version:44] - HHH000412: Hibernate ORM core version 5.4.17.Final
INFO  20-07-27 13:41:45[task-1] [Version:49] - HCANN000001: Hibernate Commons Annotations {5.1.0.Final}
WARN  20-07-27 13:41:45[main] [JpaBaseConfiguration$JpaWebConfiguration:220] - spring.jpa.open-in-view is enabled by default. Therefore, database queries may be performed during view rendering. Explicitly configure spring.jpa.open-in-view to disable this warning
INFO  20-07-27 13:41:45[task-1] [Dialect:172] - HHH000400: Using dialect: org.hibernate.dialect.MySQL55Dialect
INFO  20-07-27 13:41:45[task-1] [JtaPlatformInitiator:52] - HHH000490: Using JtaPlatform implementation: [org.hibernate.engine.transaction.jta.platform.internal.NoJtaPlatform]
INFO  20-07-27 13:41:45[task-1] [LocalContainerEntityManagerFactoryBean:416] - Initialized JPA EntityManagerFactory for persistence unit 'default'
INFO  20-07-27 13:41:45[main] [Http11NioProtocol:173] - Starting ProtocolHandler ["http-nio-8080"]
INFO  20-07-27 13:41:46[main] [TomcatWebServer:220] - Tomcat started on port(s): 8080 (http) with context path ''
INFO  20-07-27 13:41:46[main] [DeferredRepositoryInitializationListener:49] - Triggering deferred initialization of Spring Data repositories…
INFO  20-07-27 13:41:46[main] [DeferredRepositoryInitializationListener:53] - Spring Data repositories initialized!
INFO  20-07-27 13:41:46[main] [WebApplication:61] - Started WebApplication in 4.919 seconds (JVM running for 5.412)
INFO  20-07-27 13:41:53[http-nio-8080-exec-1] [[/]:173] - Initializing Spring DispatcherServlet 'dispatcherServlet'
INFO  20-07-27 13:41:53[http-nio-8080-exec-1] [DispatcherServlet:525] - Initializing Servlet 'dispatcherServlet'
INFO  20-07-27 13:41:53[http-nio-8080-exec-1] [DispatcherServlet:547] - Completed initialization in 9 ms
DEBUG 20-07-27 13:41:54[http-nio-8080-exec-1] [certList:137] - ==>  Preparing: SELECT * FROM TB_CERTIFICATION
DEBUG 20-07-27 13:41:54[http-nio-8080-exec-1] [certList:137] - ==> Parameters: 
DEBUG 20-07-27 13:41:54[http-nio-8080-exec-1] [certList:137] - <==      Total: 2
WARN  20-07-27 13:41:55[http-nio-8080-exec-1] [SessionIdGeneratorBase:173] - Creation of SecureRandom instance for session ID generation using [SHA1PRNG] took [827] milliseconds.
WARN  20-07-27 13:42:00[http-nio-8080-exec-8] [DefaultHandlerExceptionResolver:199] - Resolved [org.springframework.web.bind.MissingRequestHeaderException: Missing request header 'Device-id' for method parameter of type String]
INFO  20-07-27 13:42:46[main] [WebApplication:55] - Starting WebApplication on DESKTOP-CA5EFVH with PID 9768 (C:\Users\jacob\Desktop\privateinformation\WEB 주요기능완성\target\classes started by han1g in C:\Users\jacob\Desktop\privateinformation\WEB 주요기능완성)
DEBUG 20-07-27 13:42:46[main] [WebApplication:56] - Running with Spring Boot v2.3.1.RELEASE, Spring v5.2.7.RELEASE
INFO  20-07-27 13:42:46[main] [WebApplication:655] - The following profiles are active: local
INFO  20-07-27 13:42:47[main] [RepositoryConfigurationDelegate:127] - Bootstrapping Spring Data JPA repositories in DEFERRED mode.
INFO  20-07-27 13:42:47[main] [RepositoryConfigurationDelegate:187] - Finished Spring Data repository scanning in 23ms. Found 0 JPA repository interfaces.
DEBUG 20-07-27 13:42:47[main] [LogFactory:105] - Logging initialized using 'class org.apache.ibatis.logging.slf4j.Slf4jImpl' adapter.
INFO  20-07-27 13:42:47[main] [PostProcessorRegistrationDelegate$BeanPostProcessorChecker:335] - Bean 'org.springframework.ws.config.annotation.DelegatingWsConfiguration' of type [org.springframework.ws.config.annotation.DelegatingWsConfiguration$$EnhancerBySpringCGLIB$$2191f604] is not eligible for getting processed by all BeanPostProcessors (for example: not eligible for auto-proxying)
INFO  20-07-27 13:42:47[main] [AnnotationActionEndpointMapping:236] - Supporting [WS-Addressing August 2004, WS-Addressing 1.0]
INFO  20-07-27 13:42:48[main] [TomcatWebServer:108] - Tomcat initialized with port(s): 8080 (http)
INFO  20-07-27 13:42:48[main] [Http11NioProtocol:173] - Initializing ProtocolHandler ["http-nio-8080"]
INFO  20-07-27 13:42:48[main] [StandardService:173] - Starting service [Tomcat]
INFO  20-07-27 13:42:48[main] [StandardEngine:173] - Starting Servlet engine: [Apache Tomcat/9.0.36]
INFO  20-07-27 13:42:49[main] [TldScanner:173] - At least one JAR was scanned for TLDs yet contained no TLDs. Enable debug logging for this logger for a complete list of JARs that were scanned but no TLDs were found in them. Skipping unneeded JARs during scanning can improve startup time and JSP compilation time.
INFO  20-07-27 13:42:49[main] [[/]:173] - Initializing Spring embedded WebApplicationContext
INFO  20-07-27 13:42:49[main] [ServletWebServerApplicationContext:285] - Root WebApplicationContext: initialization completed in 2698 ms
INFO  20-07-27 13:42:49[main] [ThreadPoolTaskExecutor:181] - Initializing ExecutorService 'applicationTaskExecutor'
INFO  20-07-27 13:42:49[main] [HikariDataSource:110] - HikariPool-1 - Starting...
INFO  20-07-27 13:42:49[main] [HikariDataSource:123] - HikariPool-1 - Start completed.
INFO  20-07-27 13:42:49[task-1] [LogHelper:31] - HHH000204: Processing PersistenceUnitInfo [name: default]
INFO  20-07-27 13:42:49[task-1] [Version:44] - HHH000412: Hibernate ORM core version 5.4.17.Final
INFO  20-07-27 13:42:49[task-1] [Version:49] - HCANN000001: Hibernate Commons Annotations {5.1.0.Final}
WARN  20-07-27 13:42:50[main] [JpaBaseConfiguration$JpaWebConfiguration:220] - spring.jpa.open-in-view is enabled by default. Therefore, database queries may be performed during view rendering. Explicitly configure spring.jpa.open-in-view to disable this warning
INFO  20-07-27 13:42:50[task-1] [Dialect:172] - HHH000400: Using dialect: org.hibernate.dialect.MySQL55Dialect
INFO  20-07-27 13:42:50[main] [Http11NioProtocol:173] - Starting ProtocolHandler ["http-nio-8080"]
INFO  20-07-27 13:42:50[task-1] [JtaPlatformInitiator:52] - HHH000490: Using JtaPlatform implementation: [org.hibernate.engine.transaction.jta.platform.internal.NoJtaPlatform]
INFO  20-07-27 13:42:50[task-1] [LocalContainerEntityManagerFactoryBean:416] - Initialized JPA EntityManagerFactory for persistence unit 'default'
INFO  20-07-27 13:42:51[main] [TomcatWebServer:220] - Tomcat started on port(s): 8080 (http) with context path ''
INFO  20-07-27 13:42:51[main] [DeferredRepositoryInitializationListener:49] - Triggering deferred initialization of Spring Data repositories…
INFO  20-07-27 13:42:51[main] [DeferredRepositoryInitializationListener:53] - Spring Data repositories initialized!
INFO  20-07-27 13:42:51[main] [WebApplication:61] - Started WebApplication in 5.042 seconds (JVM running for 5.533)
INFO  20-07-27 13:42:51[http-nio-8080-exec-1] [[/]:173] - Initializing Spring DispatcherServlet 'dispatcherServlet'
INFO  20-07-27 13:42:51[http-nio-8080-exec-1] [DispatcherServlet:525] - Initializing Servlet 'dispatcherServlet'
INFO  20-07-27 13:42:51[http-nio-8080-exec-1] [DispatcherServlet:547] - Completed initialization in 8 ms
DEBUG 20-07-27 13:42:51[http-nio-8080-exec-1] [certList:137] - ==>  Preparing: SELECT * FROM TB_CERTIFICATION
DEBUG 20-07-27 13:42:51[http-nio-8080-exec-1] [certList:137] - ==> Parameters: 
DEBUG 20-07-27 13:42:51[http-nio-8080-exec-1] [certList:137] - <==      Total: 2
WARN  20-07-27 13:42:52[http-nio-8080-exec-1] [SessionIdGeneratorBase:173] - Creation of SecureRandom instance for session ID generation using [SHA1PRNG] took [709] milliseconds.
DEBUG 20-07-27 13:42:53[http-nio-8080-exec-2] [certSearch:137] - ==>  Preparing: SELECT * FROM TB_CERTIFICATION WHERE CO_NAME = ?
DEBUG 20-07-27 13:42:53[http-nio-8080-exec-2] [certSearch:137] - ==> Parameters: fqoif(String)
DEBUG 20-07-27 13:42:53[http-nio-8080-exec-2] [certSearch:137] - <==      Total: 1
DEBUG 20-07-27 13:42:53[http-nio-8080-exec-2] [siteList:137] - ==>  Preparing: SELECT * FROM TB_SITEINFO WHERE CO_NAME = ?
DEBUG 20-07-27 13:42:53[http-nio-8080-exec-2] [siteList:137] - ==> Parameters: fqoif(String)
DEBUG 20-07-27 13:42:53[http-nio-8080-exec-2] [siteList:137] - <==      Total: 1
INFO  20-07-27 16:42:19[main] [WebApplication:55] - Starting WebApplication on DESKTOP-CA5EFVH with PID 12624 (C:\Users\jacob\Desktop\privateinformation\WEB 주요기능완성\target\classes started by han1g in C:\Users\jacob\Desktop\privateinformation\WEB 주요기능완성)
DEBUG 20-07-27 16:42:19[main] [WebApplication:56] - Running with Spring Boot v2.3.1.RELEASE, Spring v5.2.7.RELEASE
INFO  20-07-27 16:42:19[main] [WebApplication:655] - The following profiles are active: local
INFO  20-07-27 16:42:19[main] [RepositoryConfigurationDelegate:127] - Bootstrapping Spring Data JPA repositories in DEFERRED mode.
INFO  20-07-27 16:42:19[main] [RepositoryConfigurationDelegate:187] - Finished Spring Data repository scanning in 21ms. Found 0 JPA repository interfaces.
DEBUG 20-07-27 16:42:20[main] [LogFactory:105] - Logging initialized using 'class org.apache.ibatis.logging.slf4j.Slf4jImpl' adapter.
INFO  20-07-27 16:42:20[main] [PostProcessorRegistrationDelegate$BeanPostProcessorChecker:335] - Bean 'org.springframework.ws.config.annotation.DelegatingWsConfiguration' of type [org.springframework.ws.config.annotation.DelegatingWsConfiguration$$EnhancerBySpringCGLIB$$477e122c] is not eligible for getting processed by all BeanPostProcessors (for example: not eligible for auto-proxying)
INFO  20-07-27 16:42:20[main] [AnnotationActionEndpointMapping:236] - Supporting [WS-Addressing August 2004, WS-Addressing 1.0]
INFO  20-07-27 16:42:21[main] [TomcatWebServer:108] - Tomcat initialized with port(s): 8080 (http)
INFO  20-07-27 16:42:21[main] [Http11NioProtocol:173] - Initializing ProtocolHandler ["http-nio-8080"]
INFO  20-07-27 16:42:21[main] [StandardService:173] - Starting service [Tomcat]
INFO  20-07-27 16:42:21[main] [StandardEngine:173] - Starting Servlet engine: [Apache Tomcat/9.0.36]
INFO  20-07-27 16:42:21[main] [TldScanner:173] - At least one JAR was scanned for TLDs yet contained no TLDs. Enable debug logging for this logger for a complete list of JARs that were scanned but no TLDs were found in them. Skipping unneeded JARs during scanning can improve startup time and JSP compilation time.
INFO  20-07-27 16:42:21[main] [[/]:173] - Initializing Spring embedded WebApplicationContext
INFO  20-07-27 16:42:21[main] [ServletWebServerApplicationContext:285] - Root WebApplicationContext: initialization completed in 2740 ms
INFO  20-07-27 16:42:22[main] [ThreadPoolTaskExecutor:181] - Initializing ExecutorService 'applicationTaskExecutor'
INFO  20-07-27 16:42:22[main] [HikariDataSource:110] - HikariPool-1 - Starting...
INFO  20-07-27 16:42:22[main] [HikariDataSource:123] - HikariPool-1 - Start completed.
INFO  20-07-27 16:42:22[task-1] [LogHelper:31] - HHH000204: Processing PersistenceUnitInfo [name: default]
INFO  20-07-27 16:42:22[task-1] [Version:44] - HHH000412: Hibernate ORM core version 5.4.17.Final
INFO  20-07-27 16:42:22[task-1] [Version:49] - HCANN000001: Hibernate Commons Annotations {5.1.0.Final}
WARN  20-07-27 16:42:22[main] [JpaBaseConfiguration$JpaWebConfiguration:220] - spring.jpa.open-in-view is enabled by default. Therefore, database queries may be performed during view rendering. Explicitly configure spring.jpa.open-in-view to disable this warning
INFO  20-07-27 16:42:22[task-1] [Dialect:172] - HHH000400: Using dialect: org.hibernate.dialect.MySQL55Dialect
INFO  20-07-27 16:42:22[main] [Http11NioProtocol:173] - Starting ProtocolHandler ["http-nio-8080"]
INFO  20-07-27 16:42:22[task-1] [JtaPlatformInitiator:52] - HHH000490: Using JtaPlatform implementation: [org.hibernate.engine.transaction.jta.platform.internal.NoJtaPlatform]
INFO  20-07-27 16:42:22[task-1] [LocalContainerEntityManagerFactoryBean:416] - Initialized JPA EntityManagerFactory for persistence unit 'default'
INFO  20-07-27 16:42:23[main] [TomcatWebServer:220] - Tomcat started on port(s): 8080 (http) with context path ''
INFO  20-07-27 16:42:23[main] [DeferredRepositoryInitializationListener:49] - Triggering deferred initialization of Spring Data repositories…
INFO  20-07-27 16:42:23[main] [DeferredRepositoryInitializationListener:53] - Spring Data repositories initialized!
INFO  20-07-27 16:42:23[main] [WebApplication:61] - Started WebApplication in 5.174 seconds (JVM running for 5.659)
INFO  20-07-27 16:42:31[http-nio-8080-exec-1] [Http11Processor:175] - Error parsing HTTP request header
 Note: further occurrences of HTTP request parsing errors will be logged at DEBUG level.
java.lang.IllegalArgumentException: Invalid character found in method name [0x160x030x010x000x940x010x000x000x900x030x030x1dtC!0xf90x060x140x11u0xc0y0xfb0xf0$"0xaeo0xad0x02]0x08]. HTTP method names must be tokens
	at org.apache.coyote.http11.Http11InputBuffer.parseRequestLine(Http11InputBuffer.java:418)
	at org.apache.coyote.http11.Http11Processor.service(Http11Processor.java:260)
	at org.apache.coyote.AbstractProcessorLight.process(AbstractProcessorLight.java:65)
	at org.apache.coyote.AbstractProtocol$ConnectionHandler.process(AbstractProtocol.java:868)
	at org.apache.tomcat.util.net.NioEndpoint$SocketProcessor.doRun(NioEndpoint.java:1590)
	at org.apache.tomcat.util.net.SocketProcessorBase.run(SocketProcessorBase.java:49)
	at java.base/java.util.concurrent.ThreadPoolExecutor.runWorker(ThreadPoolExecutor.java:1128)
	at java.base/java.util.concurrent.ThreadPoolExecutor$Worker.run(ThreadPoolExecutor.java:628)
	at org.apache.tomcat.util.threads.TaskThread$WrappingRunnable.run(TaskThread.java:61)
	at java.base/java.lang.Thread.run(Thread.java:830)
INFO  20-07-27 16:45:47[main] [WebApplication:55] - Starting WebApplication on DESKTOP-CA5EFVH with PID 6868 (C:\Users\jacob\Desktop\privateinformation\WEB 주요기능완성\target\classes started by han1g in C:\Users\jacob\Desktop\privateinformation\WEB 주요기능완성)
DEBUG 20-07-27 16:45:47[main] [WebApplication:56] - Running with Spring Boot v2.3.1.RELEASE, Spring v5.2.7.RELEASE
INFO  20-07-27 16:45:47[main] [WebApplication:655] - The following profiles are active: local
INFO  20-07-27 16:45:47[main] [RepositoryConfigurationDelegate:127] - Bootstrapping Spring Data JPA repositories in DEFERRED mode.
INFO  20-07-27 16:45:47[main] [RepositoryConfigurationDelegate:187] - Finished Spring Data repository scanning in 21ms. Found 0 JPA repository interfaces.
DEBUG 20-07-27 16:45:48[main] [LogFactory:105] - Logging initialized using 'class org.apache.ibatis.logging.slf4j.Slf4jImpl' adapter.
INFO  20-07-27 16:45:48[main] [PostProcessorRegistrationDelegate$BeanPostProcessorChecker:335] - Bean 'org.springframework.ws.config.annotation.DelegatingWsConfiguration' of type [org.springframework.ws.config.annotation.DelegatingWsConfiguration$$EnhancerBySpringCGLIB$$146e64e1] is not eligible for getting processed by all BeanPostProcessors (for example: not eligible for auto-proxying)
INFO  20-07-27 16:45:48[main] [AnnotationActionEndpointMapping:236] - Supporting [WS-Addressing August 2004, WS-Addressing 1.0]
INFO  20-07-27 16:45:49[main] [TomcatWebServer:108] - Tomcat initialized with port(s): 8080 (https)
INFO  20-07-27 16:45:49[main] [Http11NioProtocol:173] - Initializing ProtocolHandler ["https-jsse-nio-8080"]
INFO  20-07-27 16:45:49[main] [StandardService:173] - Starting service [Tomcat]
INFO  20-07-27 16:45:49[main] [StandardEngine:173] - Starting Servlet engine: [Apache Tomcat/9.0.36]
INFO  20-07-27 16:45:49[main] [TldScanner:173] - At least one JAR was scanned for TLDs yet contained no TLDs. Enable debug logging for this logger for a complete list of JARs that were scanned but no TLDs were found in them. Skipping unneeded JARs during scanning can improve startup time and JSP compilation time.
INFO  20-07-27 16:45:49[main] [[/]:173] - Initializing Spring embedded WebApplicationContext
INFO  20-07-27 16:45:49[main] [ServletWebServerApplicationContext:285] - Root WebApplicationContext: initialization completed in 2803 ms
INFO  20-07-27 16:45:50[main] [ThreadPoolTaskExecutor:181] - Initializing ExecutorService 'applicationTaskExecutor'
INFO  20-07-27 16:45:50[main] [HikariDataSource:110] - HikariPool-1 - Starting...
INFO  20-07-27 16:45:50[main] [HikariDataSource:123] - HikariPool-1 - Start completed.
INFO  20-07-27 16:45:50[task-1] [LogHelper:31] - HHH000204: Processing PersistenceUnitInfo [name: default]
INFO  20-07-27 16:45:50[task-1] [Version:44] - HHH000412: Hibernate ORM core version 5.4.17.Final
INFO  20-07-27 16:45:50[task-1] [Version:49] - HCANN000001: Hibernate Commons Annotations {5.1.0.Final}
WARN  20-07-27 16:45:50[main] [JpaBaseConfiguration$JpaWebConfiguration:220] - spring.jpa.open-in-view is enabled by default. Therefore, database queries may be performed during view rendering. Explicitly configure spring.jpa.open-in-view to disable this warning
INFO  20-07-27 16:45:50[task-1] [Dialect:172] - HHH000400: Using dialect: org.hibernate.dialect.MySQL55Dialect
INFO  20-07-27 16:45:51[task-1] [JtaPlatformInitiator:52] - HHH000490: Using JtaPlatform implementation: [org.hibernate.engine.transaction.jta.platform.internal.NoJtaPlatform]
INFO  20-07-27 16:45:51[main] [Http11NioProtocol:173] - Starting ProtocolHandler ["https-jsse-nio-8080"]
INFO  20-07-27 16:45:51[task-1] [LocalContainerEntityManagerFactoryBean:416] - Initialized JPA EntityManagerFactory for persistence unit 'default'
INFO  20-07-27 16:45:52[main] [TomcatWebServer:220] - Tomcat started on port(s): 8080 (https) with context path ''
INFO  20-07-27 16:45:52[main] [DeferredRepositoryInitializationListener:49] - Triggering deferred initialization of Spring Data repositories…
INFO  20-07-27 16:45:52[main] [DeferredRepositoryInitializationListener:53] - Spring Data repositories initialized!
INFO  20-07-27 16:45:52[main] [WebApplication:61] - Started WebApplication in 5.655 seconds (JVM running for 6.171)
INFO  20-07-27 16:45:54[https-jsse-nio-8080-exec-8] [[/]:173] - Initializing Spring DispatcherServlet 'dispatcherServlet'
INFO  20-07-27 16:45:54[https-jsse-nio-8080-exec-8] [DispatcherServlet:525] - Initializing Servlet 'dispatcherServlet'
INFO  20-07-27 16:45:54[https-jsse-nio-8080-exec-8] [DispatcherServlet:547] - Completed initialization in 7 ms
DEBUG 20-07-27 16:45:54[https-jsse-nio-8080-exec-7] [certList:137] - ==>  Preparing: SELECT co_name, co_active_date, co_exp_date FROM TB_CERTIFICATION
DEBUG 20-07-27 16:45:54[https-jsse-nio-8080-exec-7] [certList:137] - ==> Parameters: 
DEBUG 20-07-27 16:45:54[https-jsse-nio-8080-exec-7] [certList:137] - <==      Total: 2
DEBUG 20-07-27 16:53:51[https-jsse-nio-8080-exec-10] [certSearch:137] - ==>  Preparing: SELECT co_name, co_active_date, co_exp_date, co_cert_pw, co_cert_der, co_cert_key, co_certification FROM TB_CERTIFICATION WHERE CO_NAME = ?
DEBUG 20-07-27 16:53:51[https-jsse-nio-8080-exec-10] [certSearch:137] - ==> Parameters: (String)
DEBUG 20-07-27 16:53:51[https-jsse-nio-8080-exec-10] [certSearch:137] - <==      Total: 0
DEBUG 20-07-27 16:53:51[https-jsse-nio-8080-exec-10] [siteList:137] - ==>  Preparing: SELECT co_domain, co_id, co_pw FROM TB_SITEINFO WHERE CO_NAME = ?
DEBUG 20-07-27 16:53:51[https-jsse-nio-8080-exec-10] [siteList:137] - ==> Parameters: (String)
DEBUG 20-07-27 16:53:51[https-jsse-nio-8080-exec-10] [siteList:137] - <==      Total: 0
ERROR 20-07-27 16:53:51[https-jsse-nio-8080-exec-10] [WasController:146] - java.lang.NullPointerException
java.lang.NullPointerException: null
	at com.web.controller.WasController.getInfo(WasController.java:93)
	at java.base/jdk.internal.reflect.NativeMethodAccessorImpl.invoke0(Native Method)
	at java.base/jdk.internal.reflect.NativeMethodAccessorImpl.invoke(NativeMethodAccessorImpl.java:62)
	at java.base/jdk.internal.reflect.DelegatingMethodAccessorImpl.invoke(DelegatingMethodAccessorImpl.java:43)
	at java.base/java.lang.reflect.Method.invoke(Method.java:567)
	at org.springframework.web.method.support.InvocableHandlerMethod.doInvoke(InvocableHandlerMethod.java:190)
	at org.springframework.web.method.support.InvocableHandlerMethod.invokeForRequest(InvocableHandlerMethod.java:138)
	at org.springframework.web.servlet.mvc.method.annotation.ServletInvocableHandlerMethod.invokeAndHandle(ServletInvocableHandlerMethod.java:105)
	at org.springframework.web.servlet.mvc.method.annotation.RequestMappingHandlerAdapter.invokeHandlerMethod(RequestMappingHandlerAdapter.java:879)
	at org.springframework.web.servlet.mvc.method.annotation.RequestMappingHandlerAdapter.handleInternal(RequestMappingHandlerAdapter.java:793)
	at org.springframework.web.servlet.mvc.method.AbstractHandlerMethodAdapter.handle(AbstractHandlerMethodAdapter.java:87)
	at org.springframework.web.servlet.DispatcherServlet.doDispatch(DispatcherServlet.java:1040)
	at org.springframework.web.servlet.DispatcherServlet.doService(DispatcherServlet.java:943)
	at org.springframework.web.servlet.FrameworkServlet.processRequest(FrameworkServlet.java:1006)
	at org.springframework.web.servlet.FrameworkServlet.doPost(FrameworkServlet.java:909)
	at javax.servlet.http.HttpServlet.service(HttpServlet.java:660)
	at org.springframework.web.servlet.FrameworkServlet.service(FrameworkServlet.java:883)
	at javax.servlet.http.HttpServlet.service(HttpServlet.java:741)
	at org.apache.catalina.core.ApplicationFilterChain.internalDoFilter(ApplicationFilterChain.java:231)
	at org.apache.catalina.core.ApplicationFilterChain.doFilter(ApplicationFilterChain.java:166)
	at org.apache.tomcat.websocket.server.WsFilter.doFilter(WsFilter.java:53)
	at org.apache.catalina.core.ApplicationFilterChain.internalDoFilter(ApplicationFilterChain.java:193)
	at org.apache.catalina.core.ApplicationFilterChain.doFilter(ApplicationFilterChain.java:166)
	at org.springframework.web.filter.RequestContextFilter.doFilterInternal(RequestContextFilter.java:100)
	at org.springframework.web.filter.OncePerRequestFilter.doFilter(OncePerRequestFilter.java:119)
	at org.apache.catalina.core.ApplicationFilterChain.internalDoFilter(ApplicationFilterChain.java:193)
	at org.apache.catalina.core.ApplicationFilterChain.doFilter(ApplicationFilterChain.java:166)
	at org.springframework.web.filter.FormContentFilter.doFilterInternal(FormContentFilter.java:93)
	at org.springframework.web.filter.OncePerRequestFilter.doFilter(OncePerRequestFilter.java:119)
	at org.apache.catalina.core.ApplicationFilterChain.internalDoFilter(ApplicationFilterChain.java:193)
	at org.apache.catalina.core.ApplicationFilterChain.doFilter(ApplicationFilterChain.java:166)
	at org.springframework.web.filter.CharacterEncodingFilter.doFilterInternal(CharacterEncodingFilter.java:201)
	at org.springframework.web.filter.OncePerRequestFilter.doFilter(OncePerRequestFilter.java:119)
	at org.apache.catalina.core.ApplicationFilterChain.internalDoFilter(ApplicationFilterChain.java:193)
	at org.apache.catalina.core.ApplicationFilterChain.doFilter(ApplicationFilterChain.java:166)
	at org.apache.catalina.core.StandardWrapperValve.invoke(StandardWrapperValve.java:202)
	at org.apache.catalina.core.StandardContextValve.invoke(StandardContextValve.java:96)
	at org.apache.catalina.authenticator.AuthenticatorBase.invoke(AuthenticatorBase.java:541)
	at org.apache.catalina.core.StandardHostValve.invoke(StandardHostValve.java:139)
	at org.apache.catalina.valves.ErrorReportValve.invoke(ErrorReportValve.java:92)
	at org.apache.catalina.core.StandardEngineValve.invoke(StandardEngineValve.java:74)
	at org.apache.catalina.connector.CoyoteAdapter.service(CoyoteAdapter.java:343)
	at org.apache.coyote.http11.Http11Processor.service(Http11Processor.java:373)
	at org.apache.coyote.AbstractProcessorLight.process(AbstractProcessorLight.java:65)
	at org.apache.coyote.AbstractProtocol$ConnectionHandler.process(AbstractProtocol.java:868)
	at org.apache.tomcat.util.net.NioEndpoint$SocketProcessor.doRun(NioEndpoint.java:1590)
	at org.apache.tomcat.util.net.SocketProcessorBase.run(SocketProcessorBase.java:49)
	at java.base/java.util.concurrent.ThreadPoolExecutor.runWorker(ThreadPoolExecutor.java:1128)
	at java.base/java.util.concurrent.ThreadPoolExecutor$Worker.run(ThreadPoolExecutor.java:628)
	at org.apache.tomcat.util.threads.TaskThread$WrappingRunnable.run(TaskThread.java:61)
	at java.base/java.lang.Thread.run(Thread.java:830)
DEBUG 20-07-27 17:00:50[https-jsse-nio-8080-exec-3] [certSearch:137] - ==>  Preparing: SELECT co_name, co_active_date, co_exp_date, co_cert_pw, co_cert_der, co_cert_key, co_certification FROM TB_CERTIFICATION WHERE CO_NAME = ?
DEBUG 20-07-27 17:00:50[https-jsse-nio-8080-exec-3] [certSearch:137] - ==> Parameters: (String)
DEBUG 20-07-27 17:00:50[https-jsse-nio-8080-exec-3] [certSearch:137] - <==      Total: 0
DEBUG 20-07-27 17:00:50[https-jsse-nio-8080-exec-3] [siteList:137] - ==>  Preparing: SELECT co_domain, co_id, co_pw FROM TB_SITEINFO WHERE CO_NAME = ?
DEBUG 20-07-27 17:00:50[https-jsse-nio-8080-exec-3] [siteList:137] - ==> Parameters: (String)
DEBUG 20-07-27 17:00:50[https-jsse-nio-8080-exec-3] [siteList:137] - <==      Total: 0
ERROR 20-07-27 17:00:50[https-jsse-nio-8080-exec-3] [WasController:146] - java.lang.NullPointerException
java.lang.NullPointerException: null
	at com.web.controller.WasController.getInfo(WasController.java:93)
	at java.base/jdk.internal.reflect.NativeMethodAccessorImpl.invoke0(Native Method)
	at java.base/jdk.internal.reflect.NativeMethodAccessorImpl.invoke(NativeMethodAccessorImpl.java:62)
	at java.base/jdk.internal.reflect.DelegatingMethodAccessorImpl.invoke(DelegatingMethodAccessorImpl.java:43)
	at java.base/java.lang.reflect.Method.invoke(Method.java:567)
	at org.springframework.web.method.support.InvocableHandlerMethod.doInvoke(InvocableHandlerMethod.java:190)
	at org.springframework.web.method.support.InvocableHandlerMethod.invokeForRequest(InvocableHandlerMethod.java:138)
	at org.springframework.web.servlet.mvc.method.annotation.ServletInvocableHandlerMethod.invokeAndHandle(ServletInvocableHandlerMethod.java:105)
	at org.springframework.web.servlet.mvc.method.annotation.RequestMappingHandlerAdapter.invokeHandlerMethod(RequestMappingHandlerAdapter.java:879)
	at org.springframework.web.servlet.mvc.method.annotation.RequestMappingHandlerAdapter.handleInternal(RequestMappingHandlerAdapter.java:793)
	at org.springframework.web.servlet.mvc.method.AbstractHandlerMethodAdapter.handle(AbstractHandlerMethodAdapter.java:87)
	at org.springframework.web.servlet.DispatcherServlet.doDispatch(DispatcherServlet.java:1040)
	at org.springframework.web.servlet.DispatcherServlet.doService(DispatcherServlet.java:943)
	at org.springframework.web.servlet.FrameworkServlet.processRequest(FrameworkServlet.java:1006)
	at org.springframework.web.servlet.FrameworkServlet.doPost(FrameworkServlet.java:909)
	at javax.servlet.http.HttpServlet.service(HttpServlet.java:660)
	at org.springframework.web.servlet.FrameworkServlet.service(FrameworkServlet.java:883)
	at javax.servlet.http.HttpServlet.service(HttpServlet.java:741)
	at org.apache.catalina.core.ApplicationFilterChain.internalDoFilter(ApplicationFilterChain.java:231)
	at org.apache.catalina.core.ApplicationFilterChain.doFilter(ApplicationFilterChain.java:166)
	at org.apache.tomcat.websocket.server.WsFilter.doFilter(WsFilter.java:53)
	at org.apache.catalina.core.ApplicationFilterChain.internalDoFilter(ApplicationFilterChain.java:193)
	at org.apache.catalina.core.ApplicationFilterChain.doFilter(ApplicationFilterChain.java:166)
	at org.springframework.web.filter.RequestContextFilter.doFilterInternal(RequestContextFilter.java:100)
	at org.springframework.web.filter.OncePerRequestFilter.doFilter(OncePerRequestFilter.java:119)
	at org.apache.catalina.core.ApplicationFilterChain.internalDoFilter(ApplicationFilterChain.java:193)
	at org.apache.catalina.core.ApplicationFilterChain.doFilter(ApplicationFilterChain.java:166)
	at org.springframework.web.filter.FormContentFilter.doFilterInternal(FormContentFilter.java:93)
	at org.springframework.web.filter.OncePerRequestFilter.doFilter(OncePerRequestFilter.java:119)
	at org.apache.catalina.core.ApplicationFilterChain.internalDoFilter(ApplicationFilterChain.java:193)
	at org.apache.catalina.core.ApplicationFilterChain.doFilter(ApplicationFilterChain.java:166)
	at org.springframework.web.filter.CharacterEncodingFilter.doFilterInternal(CharacterEncodingFilter.java:201)
	at org.springframework.web.filter.OncePerRequestFilter.doFilter(OncePerRequestFilter.java:119)
	at org.apache.catalina.core.ApplicationFilterChain.internalDoFilter(ApplicationFilterChain.java:193)
	at org.apache.catalina.core.ApplicationFilterChain.doFilter(ApplicationFilterChain.java:166)
	at org.apache.catalina.core.StandardWrapperValve.invoke(StandardWrapperValve.java:202)
	at org.apache.catalina.core.StandardContextValve.invoke(StandardContextValve.java:96)
	at org.apache.catalina.authenticator.AuthenticatorBase.invoke(AuthenticatorBase.java:541)
	at org.apache.catalina.core.StandardHostValve.invoke(StandardHostValve.java:139)
	at org.apache.catalina.valves.ErrorReportValve.invoke(ErrorReportValve.java:92)
	at org.apache.catalina.core.StandardEngineValve.invoke(StandardEngineValve.java:74)
	at org.apache.catalina.connector.CoyoteAdapter.service(CoyoteAdapter.java:343)
	at org.apache.coyote.http11.Http11Processor.service(Http11Processor.java:373)
	at org.apache.coyote.AbstractProcessorLight.process(AbstractProcessorLight.java:65)
	at org.apache.coyote.AbstractProtocol$ConnectionHandler.process(AbstractProtocol.java:868)
	at org.apache.tomcat.util.net.NioEndpoint$SocketProcessor.doRun(NioEndpoint.java:1590)
	at org.apache.tomcat.util.net.SocketProcessorBase.run(SocketProcessorBase.java:49)
	at java.base/java.util.concurrent.ThreadPoolExecutor.runWorker(ThreadPoolExecutor.java:1128)
	at java.base/java.util.concurrent.ThreadPoolExecutor$Worker.run(ThreadPoolExecutor.java:628)
	at org.apache.tomcat.util.threads.TaskThread$WrappingRunnable.run(TaskThread.java:61)
	at java.base/java.lang.Thread.run(Thread.java:830)
INFO  20-07-27 17:03:04[main] [WebApplication:55] - Starting WebApplication on DESKTOP-CA5EFVH with PID 7520 (C:\Users\jacob\Desktop\privateinformation\WEB 주요기능완성\target\classes started by han1g in C:\Users\jacob\Desktop\privateinformation\WEB 주요기능완성)
DEBUG 20-07-27 17:03:04[main] [WebApplication:56] - Running with Spring Boot v2.3.1.RELEASE, Spring v5.2.7.RELEASE
INFO  20-07-27 17:03:04[main] [WebApplication:655] - The following profiles are active: local
INFO  20-07-27 17:03:05[main] [RepositoryConfigurationDelegate:127] - Bootstrapping Spring Data JPA repositories in DEFERRED mode.
INFO  20-07-27 17:03:05[main] [RepositoryConfigurationDelegate:187] - Finished Spring Data repository scanning in 21ms. Found 0 JPA repository interfaces.
DEBUG 20-07-27 17:03:05[main] [LogFactory:105] - Logging initialized using 'class org.apache.ibatis.logging.slf4j.Slf4jImpl' adapter.
INFO  20-07-27 17:03:05[main] [PostProcessorRegistrationDelegate$BeanPostProcessorChecker:335] - Bean 'org.springframework.ws.config.annotation.DelegatingWsConfiguration' of type [org.springframework.ws.config.annotation.DelegatingWsConfiguration$$EnhancerBySpringCGLIB$$a86871ec] is not eligible for getting processed by all BeanPostProcessors (for example: not eligible for auto-proxying)
INFO  20-07-27 17:03:05[main] [AnnotationActionEndpointMapping:236] - Supporting [WS-Addressing August 2004, WS-Addressing 1.0]
INFO  20-07-27 17:03:06[main] [TomcatWebServer:108] - Tomcat initialized with port(s): 8080 (https)
INFO  20-07-27 17:03:06[main] [Http11NioProtocol:173] - Initializing ProtocolHandler ["https-jsse-nio-8080"]
INFO  20-07-27 17:03:06[main] [StandardService:173] - Starting service [Tomcat]
INFO  20-07-27 17:03:06[main] [StandardEngine:173] - Starting Servlet engine: [Apache Tomcat/9.0.36]
INFO  20-07-27 17:03:07[main] [TldScanner:173] - At least one JAR was scanned for TLDs yet contained no TLDs. Enable debug logging for this logger for a complete list of JARs that were scanned but no TLDs were found in them. Skipping unneeded JARs during scanning can improve startup time and JSP compilation time.
INFO  20-07-27 17:03:07[main] [[/]:173] - Initializing Spring embedded WebApplicationContext
INFO  20-07-27 17:03:07[main] [ServletWebServerApplicationContext:285] - Root WebApplicationContext: initialization completed in 2775 ms
INFO  20-07-27 17:03:07[main] [ThreadPoolTaskExecutor:181] - Initializing ExecutorService 'applicationTaskExecutor'
INFO  20-07-27 17:03:07[main] [HikariDataSource:110] - HikariPool-1 - Starting...
INFO  20-07-27 17:03:07[main] [HikariDataSource:123] - HikariPool-1 - Start completed.
INFO  20-07-27 17:03:07[task-1] [LogHelper:31] - HHH000204: Processing PersistenceUnitInfo [name: default]
INFO  20-07-27 17:03:07[task-1] [Version:44] - HHH000412: Hibernate ORM core version 5.4.17.Final
INFO  20-07-27 17:03:07[task-1] [Version:49] - HCANN000001: Hibernate Commons Annotations {5.1.0.Final}
WARN  20-07-27 17:03:07[main] [JpaBaseConfiguration$JpaWebConfiguration:220] - spring.jpa.open-in-view is enabled by default. Therefore, database queries may be performed during view rendering. Explicitly configure spring.jpa.open-in-view to disable this warning
INFO  20-07-27 17:03:08[task-1] [Dialect:172] - HHH000400: Using dialect: org.hibernate.dialect.MySQL55Dialect
INFO  20-07-27 17:03:08[main] [Http11NioProtocol:173] - Starting ProtocolHandler ["https-jsse-nio-8080"]
INFO  20-07-27 17:03:08[task-1] [JtaPlatformInitiator:52] - HHH000490: Using JtaPlatform implementation: [org.hibernate.engine.transaction.jta.platform.internal.NoJtaPlatform]
INFO  20-07-27 17:03:08[task-1] [LocalContainerEntityManagerFactoryBean:416] - Initialized JPA EntityManagerFactory for persistence unit 'default'
INFO  20-07-27 17:03:09[main] [TomcatWebServer:220] - Tomcat started on port(s): 8080 (https) with context path ''
INFO  20-07-27 17:03:09[main] [DeferredRepositoryInitializationListener:49] - Triggering deferred initialization of Spring Data repositories…
INFO  20-07-27 17:03:09[main] [DeferredRepositoryInitializationListener:53] - Spring Data repositories initialized!
INFO  20-07-27 17:03:09[main] [WebApplication:61] - Started WebApplication in 5.703 seconds (JVM running for 6.195)
INFO  20-07-27 17:03:20[https-jsse-nio-8080-exec-8] [[/]:173] - Initializing Spring DispatcherServlet 'dispatcherServlet'
INFO  20-07-27 17:03:20[https-jsse-nio-8080-exec-8] [DispatcherServlet:525] - Initializing Servlet 'dispatcherServlet'
INFO  20-07-27 17:03:20[https-jsse-nio-8080-exec-8] [DispatcherServlet:547] - Completed initialization in 6 ms
DEBUG 20-07-27 17:03:21[https-jsse-nio-8080-exec-7] [certSearch:137] - ==>  Preparing: SELECT co_name, co_active_date, co_exp_date, co_cert_pw, co_cert_der, co_cert_key, co_certification FROM TB_CERTIFICATION WHERE CO_NAME = ?
DEBUG 20-07-27 17:03:21[https-jsse-nio-8080-exec-7] [certSearch:137] - ==> Parameters: (String)
DEBUG 20-07-27 17:03:21[https-jsse-nio-8080-exec-7] [certSearch:137] - <==      Total: 0
DEBUG 20-07-27 17:03:21[https-jsse-nio-8080-exec-7] [siteList:137] - ==>  Preparing: SELECT co_domain, co_id, co_pw FROM TB_SITEINFO WHERE CO_NAME = ?
DEBUG 20-07-27 17:03:21[https-jsse-nio-8080-exec-7] [siteList:137] - ==> Parameters: (String)
DEBUG 20-07-27 17:03:21[https-jsse-nio-8080-exec-7] [siteList:137] - <==      Total: 0
ERROR 20-07-27 17:03:21[https-jsse-nio-8080-exec-7] [WasController:146] - java.lang.NullPointerException
java.lang.NullPointerException: null
	at com.web.controller.WasController.getInfo(WasController.java:93)
	at java.base/jdk.internal.reflect.NativeMethodAccessorImpl.invoke0(Native Method)
	at java.base/jdk.internal.reflect.NativeMethodAccessorImpl.invoke(NativeMethodAccessorImpl.java:62)
	at java.base/jdk.internal.reflect.DelegatingMethodAccessorImpl.invoke(DelegatingMethodAccessorImpl.java:43)
	at java.base/java.lang.reflect.Method.invoke(Method.java:567)
	at org.springframework.web.method.support.InvocableHandlerMethod.doInvoke(InvocableHandlerMethod.java:190)
	at org.springframework.web.method.support.InvocableHandlerMethod.invokeForRequest(InvocableHandlerMethod.java:138)
	at org.springframework.web.servlet.mvc.method.annotation.ServletInvocableHandlerMethod.invokeAndHandle(ServletInvocableHandlerMethod.java:105)
	at org.springframework.web.servlet.mvc.method.annotation.RequestMappingHandlerAdapter.invokeHandlerMethod(RequestMappingHandlerAdapter.java:879)
	at org.springframework.web.servlet.mvc.method.annotation.RequestMappingHandlerAdapter.handleInternal(RequestMappingHandlerAdapter.java:793)
	at org.springframework.web.servlet.mvc.method.AbstractHandlerMethodAdapter.handle(AbstractHandlerMethodAdapter.java:87)
	at org.springframework.web.servlet.DispatcherServlet.doDispatch(DispatcherServlet.java:1040)
	at org.springframework.web.servlet.DispatcherServlet.doService(DispatcherServlet.java:943)
	at org.springframework.web.servlet.FrameworkServlet.processRequest(FrameworkServlet.java:1006)
	at org.springframework.web.servlet.FrameworkServlet.doPost(FrameworkServlet.java:909)
	at javax.servlet.http.HttpServlet.service(HttpServlet.java:660)
	at org.springframework.web.servlet.FrameworkServlet.service(FrameworkServlet.java:883)
	at javax.servlet.http.HttpServlet.service(HttpServlet.java:741)
	at org.apache.catalina.core.ApplicationFilterChain.internalDoFilter(ApplicationFilterChain.java:231)
	at org.apache.catalina.core.ApplicationFilterChain.doFilter(ApplicationFilterChain.java:166)
	at org.apache.tomcat.websocket.server.WsFilter.doFilter(WsFilter.java:53)
	at org.apache.catalina.core.ApplicationFilterChain.internalDoFilter(ApplicationFilterChain.java:193)
	at org.apache.catalina.core.ApplicationFilterChain.doFilter(ApplicationFilterChain.java:166)
	at org.springframework.web.filter.RequestContextFilter.doFilterInternal(RequestContextFilter.java:100)
	at org.springframework.web.filter.OncePerRequestFilter.doFilter(OncePerRequestFilter.java:119)
	at org.apache.catalina.core.ApplicationFilterChain.internalDoFilter(ApplicationFilterChain.java:193)
	at org.apache.catalina.core.ApplicationFilterChain.doFilter(ApplicationFilterChain.java:166)
	at org.springframework.web.filter.FormContentFilter.doFilterInternal(FormContentFilter.java:93)
	at org.springframework.web.filter.OncePerRequestFilter.doFilter(OncePerRequestFilter.java:119)
	at org.apache.catalina.core.ApplicationFilterChain.internalDoFilter(ApplicationFilterChain.java:193)
	at org.apache.catalina.core.ApplicationFilterChain.doFilter(ApplicationFilterChain.java:166)
	at org.springframework.web.filter.CharacterEncodingFilter.doFilterInternal(CharacterEncodingFilter.java:201)
	at org.springframework.web.filter.OncePerRequestFilter.doFilter(OncePerRequestFilter.java:119)
	at org.apache.catalina.core.ApplicationFilterChain.internalDoFilter(ApplicationFilterChain.java:193)
	at org.apache.catalina.core.ApplicationFilterChain.doFilter(ApplicationFilterChain.java:166)
	at org.apache.catalina.core.StandardWrapperValve.invoke(StandardWrapperValve.java:202)
	at org.apache.catalina.core.StandardContextValve.invoke(StandardContextValve.java:96)
	at org.apache.catalina.authenticator.AuthenticatorBase.invoke(AuthenticatorBase.java:541)
	at org.apache.catalina.core.StandardHostValve.invoke(StandardHostValve.java:139)
	at org.apache.catalina.valves.ErrorReportValve.invoke(ErrorReportValve.java:92)
	at org.apache.catalina.core.StandardEngineValve.invoke(StandardEngineValve.java:74)
	at org.apache.catalina.connector.CoyoteAdapter.service(CoyoteAdapter.java:343)
	at org.apache.coyote.http11.Http11Processor.service(Http11Processor.java:373)
	at org.apache.coyote.AbstractProcessorLight.process(AbstractProcessorLight.java:65)
	at org.apache.coyote.AbstractProtocol$ConnectionHandler.process(AbstractProtocol.java:868)
	at org.apache.tomcat.util.net.NioEndpoint$SocketProcessor.doRun(NioEndpoint.java:1590)
	at org.apache.tomcat.util.net.SocketProcessorBase.run(SocketProcessorBase.java:49)
	at java.base/java.util.concurrent.ThreadPoolExecutor.runWorker(ThreadPoolExecutor.java:1128)
	at java.base/java.util.concurrent.ThreadPoolExecutor$Worker.run(ThreadPoolExecutor.java:628)
	at org.apache.tomcat.util.threads.TaskThread$WrappingRunnable.run(TaskThread.java:61)
	at java.base/java.lang.Thread.run(Thread.java:830)
INFO  20-07-27 17:09:23[main] [WebApplication:55] - Starting WebApplication on DESKTOP-CA5EFVH with PID 12728 (C:\Users\jacob\Desktop\privateinformation\WEB 주요기능완성\target\classes started by han1g in C:\Users\jacob\Desktop\privateinformation\WEB 주요기능완성)
DEBUG 20-07-27 17:09:23[main] [WebApplication:56] - Running with Spring Boot v2.3.1.RELEASE, Spring v5.2.7.RELEASE
INFO  20-07-27 17:09:23[main] [WebApplication:655] - The following profiles are active: local
INFO  20-07-27 17:09:24[main] [RepositoryConfigurationDelegate:127] - Bootstrapping Spring Data JPA repositories in DEFERRED mode.
INFO  20-07-27 17:09:24[main] [RepositoryConfigurationDelegate:187] - Finished Spring Data repository scanning in 21ms. Found 0 JPA repository interfaces.
DEBUG 20-07-27 17:09:24[main] [LogFactory:105] - Logging initialized using 'class org.apache.ibatis.logging.slf4j.Slf4jImpl' adapter.
INFO  20-07-27 17:09:24[main] [PostProcessorRegistrationDelegate$BeanPostProcessorChecker:335] - Bean 'org.springframework.ws.config.annotation.DelegatingWsConfiguration' of type [org.springframework.ws.config.annotation.DelegatingWsConfiguration$$EnhancerBySpringCGLIB$$76fd55ef] is not eligible for getting processed by all BeanPostProcessors (for example: not eligible for auto-proxying)
INFO  20-07-27 17:09:24[main] [AnnotationActionEndpointMapping:236] - Supporting [WS-Addressing August 2004, WS-Addressing 1.0]
INFO  20-07-27 17:09:26[main] [TomcatWebServer:108] - Tomcat initialized with port(s): 8080 (https)
INFO  20-07-27 17:09:26[main] [Http11NioProtocol:173] - Initializing ProtocolHandler ["https-jsse-nio-8080"]
INFO  20-07-27 17:09:26[main] [StandardService:173] - Starting service [Tomcat]
INFO  20-07-27 17:09:26[main] [StandardEngine:173] - Starting Servlet engine: [Apache Tomcat/9.0.36]
INFO  20-07-27 17:09:26[main] [TldScanner:173] - At least one JAR was scanned for TLDs yet contained no TLDs. Enable debug logging for this logger for a complete list of JARs that were scanned but no TLDs were found in them. Skipping unneeded JARs during scanning can improve startup time and JSP compilation time.
INFO  20-07-27 17:09:26[main] [[/]:173] - Initializing Spring embedded WebApplicationContext
INFO  20-07-27 17:09:26[main] [ServletWebServerApplicationContext:285] - Root WebApplicationContext: initialization completed in 2846 ms
INFO  20-07-27 17:09:26[main] [ThreadPoolTaskExecutor:181] - Initializing ExecutorService 'applicationTaskExecutor'
INFO  20-07-27 17:09:26[main] [HikariDataSource:110] - HikariPool-1 - Starting...
INFO  20-07-27 17:09:26[main] [HikariDataSource:123] - HikariPool-1 - Start completed.
INFO  20-07-27 17:09:26[task-1] [LogHelper:31] - HHH000204: Processing PersistenceUnitInfo [name: default]
INFO  20-07-27 17:09:27[task-1] [Version:44] - HHH000412: Hibernate ORM core version 5.4.17.Final
INFO  20-07-27 17:09:27[task-1] [Version:49] - HCANN000001: Hibernate Commons Annotations {5.1.0.Final}
WARN  20-07-27 17:09:27[main] [JpaBaseConfiguration$JpaWebConfiguration:220] - spring.jpa.open-in-view is enabled by default. Therefore, database queries may be performed during view rendering. Explicitly configure spring.jpa.open-in-view to disable this warning
INFO  20-07-27 17:09:27[task-1] [Dialect:172] - HHH000400: Using dialect: org.hibernate.dialect.MySQL55Dialect
INFO  20-07-27 17:09:27[task-1] [JtaPlatformInitiator:52] - HHH000490: Using JtaPlatform implementation: [org.hibernate.engine.transaction.jta.platform.internal.NoJtaPlatform]
INFO  20-07-27 17:09:27[task-1] [LocalContainerEntityManagerFactoryBean:416] - Initialized JPA EntityManagerFactory for persistence unit 'default'
INFO  20-07-27 17:09:27[main] [Http11NioProtocol:173] - Starting ProtocolHandler ["https-jsse-nio-8080"]
INFO  20-07-27 17:09:28[main] [TomcatWebServer:220] - Tomcat started on port(s): 8080 (https) with context path ''
INFO  20-07-27 17:09:28[main] [DeferredRepositoryInitializationListener:49] - Triggering deferred initialization of Spring Data repositories…
INFO  20-07-27 17:09:28[main] [DeferredRepositoryInitializationListener:53] - Spring Data repositories initialized!
INFO  20-07-27 17:09:28[main] [WebApplication:61] - Started WebApplication in 5.691 seconds (JVM running for 6.227)
INFO  20-07-27 17:09:39[https-jsse-nio-8080-exec-8] [[/]:173] - Initializing Spring DispatcherServlet 'dispatcherServlet'
INFO  20-07-27 17:09:39[https-jsse-nio-8080-exec-8] [DispatcherServlet:525] - Initializing Servlet 'dispatcherServlet'
INFO  20-07-27 17:09:39[https-jsse-nio-8080-exec-8] [DispatcherServlet:547] - Completed initialization in 7 ms
DEBUG 20-07-27 17:09:39[https-jsse-nio-8080-exec-7] [certSearch:137] - ==>  Preparing: SELECT co_name, co_active_date, co_exp_date, co_cert_pw, co_cert_der, co_cert_key, co_certification FROM TB_CERTIFICATION WHERE CO_NAME = ?
DEBUG 20-07-27 17:09:39[https-jsse-nio-8080-exec-7] [certSearch:137] - ==> Parameters: (String)
DEBUG 20-07-27 17:09:39[https-jsse-nio-8080-exec-7] [certSearch:137] - <==      Total: 0
DEBUG 20-07-27 17:09:39[https-jsse-nio-8080-exec-7] [siteList:137] - ==>  Preparing: SELECT co_domain, co_id, co_pw FROM TB_SITEINFO WHERE CO_NAME = ?
DEBUG 20-07-27 17:09:39[https-jsse-nio-8080-exec-7] [siteList:137] - ==> Parameters: (String)
DEBUG 20-07-27 17:09:39[https-jsse-nio-8080-exec-7] [siteList:137] - <==      Total: 0
ERROR 20-07-27 17:09:39[https-jsse-nio-8080-exec-7] [WasController:151] - java.lang.NullPointerException
java.lang.NullPointerException: null
	at com.web.controller.WasController.getInfo(WasController.java:98)
	at java.base/jdk.internal.reflect.NativeMethodAccessorImpl.invoke0(Native Method)
	at java.base/jdk.internal.reflect.NativeMethodAccessorImpl.invoke(NativeMethodAccessorImpl.java:62)
	at java.base/jdk.internal.reflect.DelegatingMethodAccessorImpl.invoke(DelegatingMethodAccessorImpl.java:43)
	at java.base/java.lang.reflect.Method.invoke(Method.java:567)
	at org.springframework.web.method.support.InvocableHandlerMethod.doInvoke(InvocableHandlerMethod.java:190)
	at org.springframework.web.method.support.InvocableHandlerMethod.invokeForRequest(InvocableHandlerMethod.java:138)
	at org.springframework.web.servlet.mvc.method.annotation.ServletInvocableHandlerMethod.invokeAndHandle(ServletInvocableHandlerMethod.java:105)
	at org.springframework.web.servlet.mvc.method.annotation.RequestMappingHandlerAdapter.invokeHandlerMethod(RequestMappingHandlerAdapter.java:879)
	at org.springframework.web.servlet.mvc.method.annotation.RequestMappingHandlerAdapter.handleInternal(RequestMappingHandlerAdapter.java:793)
	at org.springframework.web.servlet.mvc.method.AbstractHandlerMethodAdapter.handle(AbstractHandlerMethodAdapter.java:87)
	at org.springframework.web.servlet.DispatcherServlet.doDispatch(DispatcherServlet.java:1040)
	at org.springframework.web.servlet.DispatcherServlet.doService(DispatcherServlet.java:943)
	at org.springframework.web.servlet.FrameworkServlet.processRequest(FrameworkServlet.java:1006)
	at org.springframework.web.servlet.FrameworkServlet.doPost(FrameworkServlet.java:909)
	at javax.servlet.http.HttpServlet.service(HttpServlet.java:660)
	at org.springframework.web.servlet.FrameworkServlet.service(FrameworkServlet.java:883)
	at javax.servlet.http.HttpServlet.service(HttpServlet.java:741)
	at org.apache.catalina.core.ApplicationFilterChain.internalDoFilter(ApplicationFilterChain.java:231)
	at org.apache.catalina.core.ApplicationFilterChain.doFilter(ApplicationFilterChain.java:166)
	at org.apache.tomcat.websocket.server.WsFilter.doFilter(WsFilter.java:53)
	at org.apache.catalina.core.ApplicationFilterChain.internalDoFilter(ApplicationFilterChain.java:193)
	at org.apache.catalina.core.ApplicationFilterChain.doFilter(ApplicationFilterChain.java:166)
	at org.springframework.web.filter.RequestContextFilter.doFilterInternal(RequestContextFilter.java:100)
	at org.springframework.web.filter.OncePerRequestFilter.doFilter(OncePerRequestFilter.java:119)
	at org.apache.catalina.core.ApplicationFilterChain.internalDoFilter(ApplicationFilterChain.java:193)
	at org.apache.catalina.core.ApplicationFilterChain.doFilter(ApplicationFilterChain.java:166)
	at org.springframework.web.filter.FormContentFilter.doFilterInternal(FormContentFilter.java:93)
	at org.springframework.web.filter.OncePerRequestFilter.doFilter(OncePerRequestFilter.java:119)
	at org.apache.catalina.core.ApplicationFilterChain.internalDoFilter(ApplicationFilterChain.java:193)
	at org.apache.catalina.core.ApplicationFilterChain.doFilter(ApplicationFilterChain.java:166)
	at org.springframework.web.filter.CharacterEncodingFilter.doFilterInternal(CharacterEncodingFilter.java:201)
	at org.springframework.web.filter.OncePerRequestFilter.doFilter(OncePerRequestFilter.java:119)
	at org.apache.catalina.core.ApplicationFilterChain.internalDoFilter(ApplicationFilterChain.java:193)
	at org.apache.catalina.core.ApplicationFilterChain.doFilter(ApplicationFilterChain.java:166)
	at org.apache.catalina.core.StandardWrapperValve.invoke(StandardWrapperValve.java:202)
	at org.apache.catalina.core.StandardContextValve.invoke(StandardContextValve.java:96)
	at org.apache.catalina.authenticator.AuthenticatorBase.invoke(AuthenticatorBase.java:541)
	at org.apache.catalina.core.StandardHostValve.invoke(StandardHostValve.java:139)
	at org.apache.catalina.valves.ErrorReportValve.invoke(ErrorReportValve.java:92)
	at org.apache.catalina.core.StandardEngineValve.invoke(StandardEngineValve.java:74)
	at org.apache.catalina.connector.CoyoteAdapter.service(CoyoteAdapter.java:343)
	at org.apache.coyote.http11.Http11Processor.service(Http11Processor.java:373)
	at org.apache.coyote.AbstractProcessorLight.process(AbstractProcessorLight.java:65)
	at org.apache.coyote.AbstractProtocol$ConnectionHandler.process(AbstractProtocol.java:868)
	at org.apache.tomcat.util.net.NioEndpoint$SocketProcessor.doRun(NioEndpoint.java:1590)
	at org.apache.tomcat.util.net.SocketProcessorBase.run(SocketProcessorBase.java:49)
	at java.base/java.util.concurrent.ThreadPoolExecutor.runWorker(ThreadPoolExecutor.java:1128)
	at java.base/java.util.concurrent.ThreadPoolExecutor$Worker.run(ThreadPoolExecutor.java:628)
	at org.apache.tomcat.util.threads.TaskThread$WrappingRunnable.run(TaskThread.java:61)
	at java.base/java.lang.Thread.run(Thread.java:830)
